\BOOKMARK [0][-]{chapter.1}{\376\377\0001\000\040\000N\000a\000m\000e\000s\000p\000a\000c\000e\000\040\000I\000n\000d\000e\000x}{}% 1
\BOOKMARK [1][-]{section.1.1}{\376\377\0001\000.\0001\000\040\000N\000a\000m\000e\000s\000p\000a\000c\000e\000\040\000L\000i\000s\000t}{chapter.1}% 2
\BOOKMARK [0][-]{chapter.2}{\376\377\0002\000\040\000F\000i\000l\000e\000\040\000I\000n\000d\000e\000x}{}% 3
\BOOKMARK [1][-]{section.2.1}{\376\377\0002\000.\0001\000\040\000F\000i\000l\000e\000\040\000L\000i\000s\000t}{chapter.2}% 4
\BOOKMARK [0][-]{chapter.3}{\376\377\0003\000\040\000N\000a\000m\000e\000s\000p\000a\000c\000e\000\040\000D\000o\000c\000u\000m\000e\000n\000t\000a\000t\000i\000o\000n}{}% 5
\BOOKMARK [1][-]{section.3.1}{\376\377\0003\000.\0001\000\040\000m\000a\000i\000n\000\040\000N\000a\000m\000e\000s\000p\000a\000c\000e\000\040\000R\000e\000f\000e\000r\000e\000n\000c\000e}{chapter.3}% 6
\BOOKMARK [2][-]{subsection.3.1.1}{\376\377\0003\000.\0001\000.\0001\000\040\000F\000u\000n\000c\000t\000i\000o\000n\000\040\000D\000o\000c\000u\000m\000e\000n\000t\000a\000t\000i\000o\000n}{section.3.1}% 7
\BOOKMARK [3][-]{subsubsection.3.1.1.1}{\376\377\0003\000.\0001\000.\0001\000.\0001\000\040\000e\000x\000t\000r\000a\000c\000t\000\137\000f\000e\000a\000t\000u\000r\000e\000s\000\050\000\051}{subsection.3.1.1}% 8
\BOOKMARK [3][-]{subsubsection.3.1.1.2}{\376\377\0003\000.\0001\000.\0001\000.\0002\000\040\000e\000x\000t\000r\000a\000c\000t\000\137\000f\000e\000a\000t\000u\000r\000e\000s\000\137\000f\000r\000o\000m\000\137\000a\000u\000d\000i\000o\000\050\000\051}{subsection.3.1.1}% 9
\BOOKMARK [3][-]{subsubsection.3.1.1.3}{\376\377\0003\000.\0001\000.\0001\000.\0003\000\040\000p\000l\000o\000t\000\137\000h\000i\000s\000t\000o\000g\000r\000a\000m\000\050\000\051}{subsection.3.1.1}% 10
\BOOKMARK [3][-]{subsubsection.3.1.1.4}{\376\377\0003\000.\0001\000.\0001\000.\0004\000\040\000p\000l\000o\000t\000\137\000m\000e\000l\000\137\000s\000p\000e\000c\000t\000r\000o\000g\000r\000a\000m\000\050\000\051}{subsection.3.1.1}% 11
\BOOKMARK [3][-]{subsubsection.3.1.1.5}{\376\377\0003\000.\0001\000.\0001\000.\0005\000\040\000r\000e\000c\000o\000g\000n\000i\000z\000e\000\137\000f\000r\000o\000m\000\137\000m\000i\000c\000r\000o\000p\000h\000o\000n\000e\000\050\000\051}{subsection.3.1.1}% 12
\BOOKMARK [3][-]{subsubsection.3.1.1.6}{\376\377\0003\000.\0001\000.\0001\000.\0006\000\040\000r\000e\000d\000u\000c\000e\000\137\000n\000o\000i\000s\000e\000\050\000\051}{subsection.3.1.1}% 13
\BOOKMARK [3][-]{subsubsection.3.1.1.7}{\376\377\0003\000.\0001\000.\0001\000.\0007\000\040\000t\000r\000a\000n\000s\000c\000r\000i\000b\000e\000\137\000s\000p\000e\000e\000c\000h\000\050\000\051}{subsection.3.1.1}% 14
\BOOKMARK [2][-]{subsection.3.1.2}{\376\377\0003\000.\0001\000.\0002\000\040\000V\000a\000r\000i\000a\000b\000l\000e\000\040\000D\000o\000c\000u\000m\000e\000n\000t\000a\000t\000i\000o\000n}{section.3.1}% 15
\BOOKMARK [3][-]{subsubsection.3.1.2.1}{\376\377\0003\000.\0001\000.\0002\000.\0001\000\040\000a\000c\000c\000u\000r\000a\000c\000y}{subsection.3.1.2}% 16
\BOOKMARK [3][-]{subsubsection.3.1.2.2}{\376\377\0003\000.\0001\000.\0002\000.\0002\000\040\000a\000u\000d\000i\000o}{subsection.3.1.2}% 17
\BOOKMARK [3][-]{subsubsection.3.1.2.3}{\376\377\0003\000.\0001\000.\0002\000.\0003\000\040\000f\0001}{subsection.3.1.2}% 18
\BOOKMARK [3][-]{subsubsection.3.1.2.4}{\376\377\0003\000.\0001\000.\0002\000.\0004\000\040\000f\000e\000a\000t\000u\000r\000e\000s}{subsection.3.1.2}% 19
\BOOKMARK [3][-]{subsubsection.3.1.2.5}{\376\377\0003\000.\0001\000.\0002\000.\0005\000\040\000k\000o\000n\000u\001\137\000m\000a\000c\001\061\000\137\000i\000n\000d\000e\000k\000s\000l\000e\000r\000i}{subsection.3.1.2}% 20
\BOOKMARK [3][-]{subsubsection.3.1.2.6}{\376\377\0003\000.\0001\000.\0002\000.\0006\000\040\000k\000o\000n\000u\000s\000m\000a\000c\000i\000\137\000e\000t\000i\000k\000e\000t\000l\000e\000r\000i}{subsection.3.1.2}% 21
\BOOKMARK [3][-]{subsubsection.3.1.2.7}{\376\377\0003\000.\0001\000.\0002\000.\0007\000\040\000m\000o\000d\000e\000l}{subsection.3.1.2}% 22
\BOOKMARK [3][-]{subsubsection.3.1.2.8}{\376\377\0003\000.\0001\000.\0002\000.\0008\000\040\000p\000r\000e\000c\000i\000s\000i\000o\000n}{subsection.3.1.2}% 23
\BOOKMARK [3][-]{subsubsection.3.1.2.9}{\376\377\0003\000.\0001\000.\0002\000.\0009\000\040\000r\000e\000c\000a\000l\000l}{subsection.3.1.2}% 24
\BOOKMARK [3][-]{subsubsection.3.1.2.10}{\376\377\0003\000.\0001\000.\0002\000.\0001\0000\000\040\000s\000a\000m\000p\000l\000e\000\137\000r\000a\000t\000e}{subsection.3.1.2}% 25
\BOOKMARK [3][-]{subsubsection.3.1.2.11}{\376\377\0003\000.\0001\000.\0002\000.\0001\0001\000\040\000s\000c\000a\000l\000e\000r}{subsection.3.1.2}% 26
\BOOKMARK [3][-]{subsubsection.3.1.2.12}{\376\377\0003\000.\0001\000.\0002\000.\0001\0002\000\040\000s\000e\000s\000\137\000d\000o\000s\000y\000a\000l\000a\000r\000i}{subsection.3.1.2}% 27
\BOOKMARK [3][-]{subsubsection.3.1.2.13}{\376\377\0003\000.\0001\000.\0002\000.\0001\0003\000\040\000t\000e\000s\000t\000\137\000a\000c\000c\000u\000r\000a\000c\000y}{subsection.3.1.2}% 28
\BOOKMARK [3][-]{subsubsection.3.1.2.14}{\376\377\0003\000.\0001\000.\0002\000.\0001\0004\000\040\000t\000e\000s\000t\000\137\000i\000n\000d\000e\000k\000s\000l\000e\000r}{subsection.3.1.2}% 29
\BOOKMARK [3][-]{subsubsection.3.1.2.15}{\376\377\0003\000.\0001\000.\0002\000.\0001\0005\000\040\000t\000e\000s\000t\000\137\000s\000i\000z\000e}{subsection.3.1.2}% 30
\BOOKMARK [3][-]{subsubsection.3.1.2.16}{\376\377\0003\000.\0001\000.\0002\000.\0001\0006\000\040\000t\000r\000a\000i\000n\000\137\000a\000c\000c\000u\000r\000a\000c\000y}{subsection.3.1.2}% 31
\BOOKMARK [3][-]{subsubsection.3.1.2.17}{\376\377\0003\000.\0001\000.\0002\000.\0001\0007\000\040\000t\000r\000a\000i\000n\000\137\000i\000n\000d\000e\000k\000s\000l\000e\000r}{subsection.3.1.2}% 32
\BOOKMARK [3][-]{subsubsection.3.1.2.18}{\376\377\0003\000.\0001\000.\0002\000.\0001\0008\000\040\000t\000r\000a\000i\000n\000\137\000s\000i\000z\000e}{subsection.3.1.2}% 33
\BOOKMARK [3][-]{subsubsection.3.1.2.19}{\376\377\0003\000.\0001\000.\0002\000.\0001\0009\000\040\000X}{subsection.3.1.2}% 34
\BOOKMARK [3][-]{subsubsection.3.1.2.20}{\376\377\0003\000.\0001\000.\0002\000.\0002\0000\000\040\000X\000\137\000t\000e\000s\000t}{subsection.3.1.2}% 35
\BOOKMARK [3][-]{subsubsection.3.1.2.21}{\376\377\0003\000.\0001\000.\0002\000.\0002\0001\000\040\000X\000\137\000t\000e\000s\000t\000\137\000s\000c\000a\000l\000e\000d}{subsection.3.1.2}% 36
\BOOKMARK [3][-]{subsubsection.3.1.2.22}{\376\377\0003\000.\0001\000.\0002\000.\0002\0002\000\040\000X\000\137\000t\000r\000a\000i\000n}{subsection.3.1.2}% 37
\BOOKMARK [3][-]{subsubsection.3.1.2.23}{\376\377\0003\000.\0001\000.\0002\000.\0002\0003\000\040\000X\000\137\000t\000r\000a\000i\000n\000\137\000s\000c\000a\000l\000e\000d}{subsection.3.1.2}% 38
\BOOKMARK [3][-]{subsubsection.3.1.2.24}{\376\377\0003\000.\0001\000.\0002\000.\0002\0004\000\040\000y}{subsection.3.1.2}% 39
\BOOKMARK [3][-]{subsubsection.3.1.2.25}{\376\377\0003\000.\0001\000.\0002\000.\0002\0005\000\040\000y\000\137\000p\000r\000e\000d}{subsection.3.1.2}% 40
\BOOKMARK [3][-]{subsubsection.3.1.2.26}{\376\377\0003\000.\0001\000.\0002\000.\0002\0006\000\040\000y\000\137\000t\000e\000s\000t}{subsection.3.1.2}% 41
\BOOKMARK [3][-]{subsubsection.3.1.2.27}{\376\377\0003\000.\0001\000.\0002\000.\0002\0007\000\040\000y\000\137\000t\000r\000a\000i\000n}{subsection.3.1.2}% 42
\BOOKMARK [1][-]{section.3.2}{\376\377\0003\000.\0002\000\040\000s\000e\000s\000\137\000t\000a\000n\000i\000m\000a\000\040\000N\000a\000m\000e\000s\000p\000a\000c\000e\000\040\000R\000e\000f\000e\000r\000e\000n\000c\000e}{chapter.3}% 43
\BOOKMARK [2][-]{subsection.3.2.1}{\376\377\0003\000.\0002\000.\0001\000\040\000D\000e\000t\000a\000i\000l\000e\000d\000\040\000D\000e\000s\000c\000r\000i\000p\000t\000i\000o\000n}{section.3.2}% 44
\BOOKMARK [0][-]{chapter.4}{\376\377\0004\000\040\000F\000i\000l\000e\000\040\000D\000o\000c\000u\000m\000e\000n\000t\000a\000t\000i\000o\000n}{}% 45
\BOOKMARK [1][-]{section.4.1}{\376\377\0004\000.\0001\000\040\000C\000:\000/\000U\000s\000e\000r\000s\000/\000o\000r\000a\000k\000n\000/\000D\000e\000s\000k\000t\000o\000p\000/\000V\000o\000i\000c\000e\000R\000e\000c\000o\000/\000p\000y\000t\000h\000o\000n\000P\000r\000o\000j\000e\000c\000t\000/\000m\000a\000i\000n\000.\000p\000y\000\040\000F\000i\000l\000e\000\040\000R\000e\000f\000e\000r\000e\000n\000c\000e}{chapter.4}% 46
